0 info it worked if it ends with ok
1 verbose cli [ 'C:\\Program Files\\nodejs\\node.exe',
1 verbose cli   'C:\\Program Files\\nodejs\\node_modules\\npm\\bin\\npm-cli.js',
1 verbose cli   'version',
1 verbose cli   'patch' ]
2 info using npm@2.5.1
3 info using node@v0.12.0
4 verbose stack TypeError: Cannot read property 'version' of null
4 verbose stack     at C:\Program Files\nodejs\node_modules\npm\lib\version.js:50:50
4 verbose stack     at evalmachine.<anonymous>:336:14
4 verbose stack     at C:\Program Files\nodejs\node_modules\npm\node_modules\graceful-fs\graceful-fs.js:102:5
4 verbose stack     at FSReqWrap.oncomplete (evalmachine.<anonymous>:99:15)
5 verbose cwd C:\Users\Bruno_2\Desktop\macfromip
6 error Windows_NT 6.1.7601
7 error argv "C:\\Program Files\\nodejs\\node.exe" "C:\\Program Files\\nodejs\\node_modules\\npm\\bin\\npm-cli.js" "version" "patch"
8 error node v0.12.0
9 error npm  v2.5.1
10 error Cannot read property 'version' of null
11 error If you need help, you may report this error at:
11 error     <http://github.com/npm/npm/issues>
12 verbose exit [ 1, true ]
